  Set.cpp
  Particle.cpp
c:\program files (x86)\microsoft visual studio\2017\community\vc\tools\msvc\14.12.25827\include\utility(233): warning C4244: '초기화 중': 'double'에서 'const int'(으)로 변환하면서 데이터가 손실될 수 있습니다.
  c:\program files (x86)\microsoft visual studio\2017\community\vc\tools\msvc\14.12.25827\include\xmemory0(945): note: 컴파일 중인 함수 템플릿 인스턴스화 'std::pair<const _Kty,_Ty>::pair<double,Particle_s,0>(std::pair<double,Particle_s> &&) noexcept'에 대한 참조를 확인하십시오.
          with
          [
              _Kty=int,
              _Ty=Particle_s
          ]
  c:\program files (x86)\microsoft visual studio\2017\community\vc\tools\msvc\14.12.25827\include\xmemory0(945): note: 컴파일 중인 함수 템플릿 인스턴스화 'std::pair<const _Kty,_Ty>::pair<double,Particle_s,0>(std::pair<double,Particle_s> &&) noexcept'에 대한 참조를 확인하십시오.
          with
          [
              _Kty=int,
              _Ty=Particle_s
          ]
  c:\program files (x86)\microsoft visual studio\2017\community\vc\tools\msvc\14.12.25827\include\xtree(774): note: 컴파일 중인 함수 템플릿 인스턴스화 'void std::_Default_allocator_traits<_Alloc>::construct<_Ty,std::pair<double,Particle_s>>(_Alloc &,_Objty *const ,std::pair<double,Particle_s> &&)'에 대한 참조를 확인하십시오.
          with
          [
              _Alloc=std::allocator<std::_Tree_node<std::pair<const int,Particle_s>,std::_Default_allocator_traits<std::allocator<std::pair<const int,Particle_s>>>::void_pointer>>,
              _Ty=std::pair<const int,Particle_s>,
              _Objty=std::pair<const int,Particle_s>
          ]
  c:\program files (x86)\microsoft visual studio\2017\community\vc\tools\msvc\14.12.25827\include\xtree(773): note: 컴파일 중인 함수 템플릿 인스턴스화 'void std::_Default_allocator_traits<_Alloc>::construct<_Ty,std::pair<double,Particle_s>>(_Alloc &,_Objty *const ,std::pair<double,Particle_s> &&)'에 대한 참조를 확인하십시오.
          with
          [
              _Alloc=std::allocator<std::_Tree_node<std::pair<const int,Particle_s>,std::_Default_allocator_traits<std::allocator<std::pair<const int,Particle_s>>>::void_pointer>>,
              _Ty=std::pair<const int,Particle_s>,
              _Objty=std::pair<const int,Particle_s>
          ]
  c:\program files (x86)\microsoft visual studio\2017\community\vc\tools\msvc\14.12.25827\include\xtree(962): note: 컴파일 중인 함수 템플릿 인스턴스화 'std::_Tree_node<_Ty,std::_Default_allocator_traits<_Alloc>::void_pointer> *std::_Tree_comp_alloc<_Traits>::_Buynode<std::pair<double,Particle_s>>(std::pair<double,Particle_s> &&)'에 대한 참조를 확인하십시오.
          with
          [
              _Ty=std::pair<const int,Particle_s>,
              _Alloc=std::allocator<std::pair<const int,Particle_s>>,
              _Traits=std::_Tmap_traits<int,Particle_s,std::less<int>,std::allocator<std::pair<const int,Particle_s>>,false>
          ]
  c:\program files (x86)\microsoft visual studio\2017\community\vc\tools\msvc\14.12.25827\include\xtree(962): note: 컴파일 중인 함수 템플릿 인스턴스화 'std::_Tree_node<_Ty,std::_Default_allocator_traits<_Alloc>::void_pointer> *std::_Tree_comp_alloc<_Traits>::_Buynode<std::pair<double,Particle_s>>(std::pair<double,Particle_s> &&)'에 대한 참조를 확인하십시오.
          with
          [
              _Ty=std::pair<const int,Particle_s>,
              _Alloc=std::allocator<std::pair<const int,Particle_s>>,
              _Traits=std::_Tmap_traits<int,Particle_s,std::less<int>,std::allocator<std::pair<const int,Particle_s>>,false>
          ]
  c:\program files (x86)\microsoft visual studio\2017\community\vc\tools\msvc\14.12.25827\include\map(208): note: 컴파일 중인 함수 템플릿 인스턴스화 'std::pair<std::_Tree_iterator<std::_Tree_val<std::_Tree_simple_types<_Ty>>>,bool> std::_Tree<std::_Tmap_traits<_Kty,Particle_s,_Pr,_Alloc,false>>::emplace<std::pair<double,Particle_s>>(std::pair<double,Particle_s> &&)'에 대한 참조를 확인하십시오.
          with
          [
              _Ty=std::pair<const int,Particle_s>,
              _Kty=int,
              _Pr=std::less<int>,
              _Alloc=std::allocator<std::pair<const int,Particle_s>>
          ]
  c:\program files (x86)\microsoft visual studio\2017\community\vc\tools\msvc\14.12.25827\include\map(208): note: 컴파일 중인 함수 템플릿 인스턴스화 'std::pair<std::_Tree_iterator<std::_Tree_val<std::_Tree_simple_types<_Ty>>>,bool> std::_Tree<std::_Tmap_traits<_Kty,Particle_s,_Pr,_Alloc,false>>::emplace<std::pair<double,Particle_s>>(std::pair<double,Particle_s> &&)'에 대한 참조를 확인하십시오.
          with
          [
              _Ty=std::pair<const int,Particle_s>,
              _Kty=int,
              _Pr=std::less<int>,
              _Alloc=std::allocator<std::pair<const int,Particle_s>>
          ]
  c:\users\dsong\desktop\programming\c++\n-body-simulation_24-748c60c1d8203d653f576ecf2a0c218c00005b38\n-body-simulation_24-748c60c1d8203d653f576ecf2a0c218c00005b38\n_body_simul\n_body_simul\particle.cpp(36): note: 컴파일 중인 함수 템플릿 인스턴스화 'std::pair<std::_Tree_iterator<std::_Tree_val<std::_Tree_simple_types<_Ty>>>,bool> std::map<int,Particle_s,std::less<int>,std::allocator<_Ty>>::insert<std::pair<double,Particle_s>,void>(_Valty &&)'에 대한 참조를 확인하십시오.
          with
          [
              _Ty=std::pair<const int,Particle_s>,
              _Valty=std::pair<double,Particle_s>
          ]
  c:\users\dsong\desktop\programming\c++\n-body-simulation_24-748c60c1d8203d653f576ecf2a0c218c00005b38\n-body-simulation_24-748c60c1d8203d653f576ecf2a0c218c00005b38\n_body_simul\n_body_simul\particle.cpp(36): note: 컴파일 중인 함수 템플릿 인스턴스화 'std::pair<std::_Tree_iterator<std::_Tree_val<std::_Tree_simple_types<_Ty>>>,bool> std::map<int,Particle_s,std::less<int>,std::allocator<_Ty>>::insert<std::pair<double,Particle_s>,void>(_Valty &&)'에 대한 참조를 확인하십시오.
          with
          [
              _Ty=std::pair<const int,Particle_s>,
              _Valty=std::pair<double,Particle_s>
          ]
  main.cpp
  코드를 생성하고 있습니다...
  N_body_simul.vcxproj -> C:\Users\DSong\Desktop\Programming\C++\N-body-Simulation_24-748c60c1d8203d653f576ecf2a0c218c00005b38\N-body-Simulation_24-748c60c1d8203d653f576ecf2a0c218c00005b38\N_body_simul\x64\Debug\N_body_simul.exe
